[26-Feb-2019 00:46:31 UTC] PHP Parse error:  syntax error, unexpected '&' in /home/ubuntu/workspace/practice/sample.php on line 16
[26-Feb-2019 00:46:44 UTC] PHP Warning:  rand() expects exactly 2 parameters, 1 given in /home/ubuntu/workspace/practice/sample.php on line 14
[26-Feb-2019 00:46:44 UTC] PHP Stack trace:
[26-Feb-2019 00:46:44 UTC] PHP   1. {main}() /home/ubuntu/workspace/practice/sample.php:0
[26-Feb-2019 00:46:44 UTC] PHP   2. rand() /home/ubuntu/workspace/practice/sample.php:14
[26-Feb-2019 00:46:44 UTC] PHP Warning:  rand() expects exactly 2 parameters, 1 given in /home/ubuntu/workspace/practice/sample.php on line 14
[26-Feb-2019 00:46:44 UTC] PHP Stack trace:
[26-Feb-2019 00:46:44 UTC] PHP   1. {main}() /home/ubuntu/workspace/practice/sample.php:0
[26-Feb-2019 00:46:44 UTC] PHP   2. rand() /home/ubuntu/workspace/practice/sample.php:14
[26-Feb-2019 00:46:44 UTC] PHP Warning:  rand() expects exactly 2 parameters, 1 given in /home/ubuntu/workspace/practice/sample.php on line 14
[26-Feb-2019 00:46:44 UTC] PHP Stack trace:
[26-Feb-2019 00:46:44 UTC] PHP   1. {main}() /home/ubuntu/workspace/practice/sample.php:0
[26-Feb-2019 00:46:44 UTC] PHP   2. rand() /home/ubuntu/workspace/practice/sample.php:14
[26-Feb-2019 00:46:44 UTC] PHP Warning:  rand() expects exactly 2 parameters, 1 given in /home/ubuntu/workspace/practice/sample.php on line 14
[26-Feb-2019 00:46:44 UTC] PHP Stack trace:
[26-Feb-2019 00:46:44 UTC] PHP   1. {main}() /home/ubuntu/workspace/practice/sample.php:0
[26-Feb-2019 00:46:44 UTC] PHP   2. rand() /home/ubuntu/workspace/practice/sample.php:14
[26-Feb-2019 00:46:44 UTC] PHP Warning:  rand() expects exactly 2 parameters, 1 given in /home/ubuntu/workspace/practice/sample.php on line 14
[26-Feb-2019 00:46:44 UTC] PHP Stack trace:
[26-Feb-2019 00:46:44 UTC] PHP   1. {main}() /home/ubuntu/workspace/practice/sample.php:0
[26-Feb-2019 00:46:44 UTC] PHP   2. rand() /home/ubuntu/workspace/practice/sample.php:14
[26-Feb-2019 00:46:44 UTC] PHP Warning:  rand() expects exactly 2 parameters, 1 given in /home/ubuntu/workspace/practice/sample.php on line 14
[26-Feb-2019 00:46:44 UTC] PHP Stack trace:
[26-Feb-2019 00:46:44 UTC] PHP   1. {main}() /home/ubuntu/workspace/practice/sample.php:0
[26-Feb-2019 00:46:44 UTC] PHP   2. rand() /home/ubuntu/workspace/practice/sample.php:14
[26-Feb-2019 00:46:44 UTC] PHP Warning:  rand() expects exactly 2 parameters, 1 given in /home/ubuntu/workspace/practice/sample.php on line 14
[26-Feb-2019 00:46:44 UTC] PHP Stack trace:
[26-Feb-2019 00:46:44 UTC] PHP   1. {main}() /home/ubuntu/workspace/practice/sample.php:0
[26-Feb-2019 00:46:44 UTC] PHP   2. rand() /home/ubuntu/workspace/practice/sample.php:14
[26-Feb-2019 00:46:44 UTC] PHP Warning:  rand() expects exactly 2 parameters, 1 given in /home/ubuntu/workspace/practice/sample.php on line 14
[26-Feb-2019 00:46:44 UTC] PHP Stack trace:
[26-Feb-2019 00:46:44 UTC] PHP   1. {main}() /home/ubuntu/workspace/practice/sample.php:0
[26-Feb-2019 00:46:44 UTC] PHP   2. rand() /home/ubuntu/workspace/practice/sample.php:14
[26-Feb-2019 00:46:44 UTC] PHP Warning:  rand() expects exactly 2 parameters, 1 given in /home/ubuntu/workspace/practice/sample.php on line 14
[26-Feb-2019 00:46:44 UTC] PHP Stack trace:
[26-Feb-2019 00:46:44 UTC] PHP   1. {main}() /home/ubuntu/workspace/practice/sample.php:0
[26-Feb-2019 00:46:44 UTC] PHP   2. rand() /home/ubuntu/workspace/practice/sample.php:14
[27-Mar-2019 22:56:46 UTC] PHP Warning:  include(../dbConnection.php): failed to open stream: No such file or directory in /home/ubuntu/workspace/midterm/getAllUsers.php on line 2
[27-Mar-2019 22:56:46 UTC] PHP Stack trace:
[27-Mar-2019 22:56:46 UTC] PHP   1. {main}() /home/ubuntu/workspace/midterm/getAllUsers.php:0
[27-Mar-2019 22:56:46 UTC] PHP Warning:  include(): Failed opening '../dbConnection.php' for inclusion (include_path='.:/usr/share/php:/usr/share/pear') in /home/ubuntu/workspace/midterm/getAllUsers.php on line 2
[27-Mar-2019 22:56:46 UTC] PHP Stack trace:
[27-Mar-2019 22:56:46 UTC] PHP   1. {main}() /home/ubuntu/workspace/midterm/getAllUsers.php:0
[27-Mar-2019 22:56:46 UTC] PHP Fatal error:  Call to undefined function getDatabaseConnection() in /home/ubuntu/workspace/midterm/getAllUsers.php on line 4
[27-Mar-2019 22:56:46 UTC] PHP Stack trace:
[27-Mar-2019 22:56:46 UTC] PHP   1. {main}() /home/ubuntu/workspace/midterm/getAllUsers.php:0
