[08-Apr-2019 19:27:36 UTC] PHP Warning:  include(dbConnection.php): failed to open stream: No such file or directory in /home/ubuntu/workspace/practice/p7/api/get_word_api.php on line 5
[08-Apr-2019 19:27:36 UTC] PHP Stack trace:
[08-Apr-2019 19:27:36 UTC] PHP   1. {main}() /home/ubuntu/workspace/practice/p7/api/get_word_api.php:0
[08-Apr-2019 19:27:36 UTC] PHP Warning:  include(): Failed opening 'dbConnection.php' for inclusion (include_path='.:/usr/share/php:/usr/share/pear') in /home/ubuntu/workspace/practice/p7/api/get_word_api.php on line 5
[08-Apr-2019 19:27:36 UTC] PHP Stack trace:
[08-Apr-2019 19:27:36 UTC] PHP   1. {main}() /home/ubuntu/workspace/practice/p7/api/get_word_api.php:0
[08-Apr-2019 19:27:36 UTC] PHP Fatal error:  Call to undefined function getDatabaseConnection() in /home/ubuntu/workspace/practice/p7/api/get_word_api.php on line 6
[08-Apr-2019 19:27:36 UTC] PHP Stack trace:
[08-Apr-2019 19:27:36 UTC] PHP   1. {main}() /home/ubuntu/workspace/practice/p7/api/get_word_api.php:0
[08-Apr-2019 19:27:40 UTC] PHP Warning:  include(dbConnection.php): failed to open stream: No such file or directory in /home/ubuntu/workspace/practice/p7/api/check_word.php on line 4
[08-Apr-2019 19:27:40 UTC] PHP Stack trace:
[08-Apr-2019 19:27:40 UTC] PHP   1. {main}() /home/ubuntu/workspace/practice/p7/api/check_word.php:0
[08-Apr-2019 19:27:40 UTC] PHP Warning:  include(): Failed opening 'dbConnection.php' for inclusion (include_path='.:/usr/share/php:/usr/share/pear') in /home/ubuntu/workspace/practice/p7/api/check_word.php on line 4
[08-Apr-2019 19:27:40 UTC] PHP Stack trace:
[08-Apr-2019 19:27:40 UTC] PHP   1. {main}() /home/ubuntu/workspace/practice/p7/api/check_word.php:0
[08-Apr-2019 19:30:00 UTC] PHP Warning:  include(dbConnection.php): failed to open stream: No such file or directory in /home/ubuntu/workspace/practice/p7/api/get_word_api.php on line 5
[08-Apr-2019 19:30:00 UTC] PHP Stack trace:
[08-Apr-2019 19:30:00 UTC] PHP   1. {main}() /home/ubuntu/workspace/practice/p7/api/get_word_api.php:0
[08-Apr-2019 19:30:00 UTC] PHP Warning:  include(): Failed opening 'dbConnection.php' for inclusion (include_path='.:/usr/share/php:/usr/share/pear') in /home/ubuntu/workspace/practice/p7/api/get_word_api.php on line 5
[08-Apr-2019 19:30:00 UTC] PHP Stack trace:
[08-Apr-2019 19:30:00 UTC] PHP   1. {main}() /home/ubuntu/workspace/practice/p7/api/get_word_api.php:0
[08-Apr-2019 19:30:00 UTC] PHP Fatal error:  Call to undefined function getDatabaseConnection() in /home/ubuntu/workspace/practice/p7/api/get_word_api.php on line 6
[08-Apr-2019 19:30:00 UTC] PHP Stack trace:
[08-Apr-2019 19:30:00 UTC] PHP   1. {main}() /home/ubuntu/workspace/practice/p7/api/get_word_api.php:0
[08-Apr-2019 19:30:01 UTC] PHP Warning:  include(dbConnection.php): failed to open stream: No such file or directory in /home/ubuntu/workspace/practice/p7/api/get_word_api.php on line 5
[08-Apr-2019 19:30:01 UTC] PHP Stack trace:
[08-Apr-2019 19:30:01 UTC] PHP   1. {main}() /home/ubuntu/workspace/practice/p7/api/get_word_api.php:0
[08-Apr-2019 19:30:01 UTC] PHP Warning:  include(): Failed opening 'dbConnection.php' for inclusion (include_path='.:/usr/share/php:/usr/share/pear') in /home/ubuntu/workspace/practice/p7/api/get_word_api.php on line 5
[08-Apr-2019 19:30:01 UTC] PHP Stack trace:
[08-Apr-2019 19:30:01 UTC] PHP   1. {main}() /home/ubuntu/workspace/practice/p7/api/get_word_api.php:0
[08-Apr-2019 19:30:01 UTC] PHP Fatal error:  Call to undefined function getDatabaseConnection() in /home/ubuntu/workspace/practice/p7/api/get_word_api.php on line 6
[08-Apr-2019 19:30:01 UTC] PHP Stack trace:
[08-Apr-2019 19:30:01 UTC] PHP   1. {main}() /home/ubuntu/workspace/practice/p7/api/get_word_api.php:0
[08-Apr-2019 19:30:20 UTC] PHP Warning:  include(dbConnection.php): failed to open stream: No such file or directory in /home/ubuntu/workspace/practice/p7/api/get_word_api.php on line 5
[08-Apr-2019 19:30:20 UTC] PHP Stack trace:
[08-Apr-2019 19:30:20 UTC] PHP   1. {main}() /home/ubuntu/workspace/practice/p7/api/get_word_api.php:0
[08-Apr-2019 19:30:20 UTC] PHP Warning:  include(): Failed opening 'dbConnection.php' for inclusion (include_path='.:/usr/share/php:/usr/share/pear') in /home/ubuntu/workspace/practice/p7/api/get_word_api.php on line 5
[08-Apr-2019 19:30:20 UTC] PHP Stack trace:
[08-Apr-2019 19:30:20 UTC] PHP   1. {main}() /home/ubuntu/workspace/practice/p7/api/get_word_api.php:0
[08-Apr-2019 19:30:20 UTC] PHP Fatal error:  Call to undefined function getDatabaseConnection() in /home/ubuntu/workspace/practice/p7/api/get_word_api.php on line 6
[08-Apr-2019 19:30:20 UTC] PHP Stack trace:
[08-Apr-2019 19:30:20 UTC] PHP   1. {main}() /home/ubuntu/workspace/practice/p7/api/get_word_api.php:0
[08-Apr-2019 19:30:20 UTC] PHP Warning:  include(dbConnection.php): failed to open stream: No such file or directory in /home/ubuntu/workspace/practice/p7/api/get_word_api.php on line 5
[08-Apr-2019 19:30:20 UTC] PHP Stack trace:
[08-Apr-2019 19:30:20 UTC] PHP   1. {main}() /home/ubuntu/workspace/practice/p7/api/get_word_api.php:0
[08-Apr-2019 19:30:20 UTC] PHP Warning:  include(): Failed opening 'dbConnection.php' for inclusion (include_path='.:/usr/share/php:/usr/share/pear') in /home/ubuntu/workspace/practice/p7/api/get_word_api.php on line 5
[08-Apr-2019 19:30:20 UTC] PHP Stack trace:
[08-Apr-2019 19:30:20 UTC] PHP   1. {main}() /home/ubuntu/workspace/practice/p7/api/get_word_api.php:0
[08-Apr-2019 19:30:20 UTC] PHP Fatal error:  Call to undefined function getDatabaseConnection() in /home/ubuntu/workspace/practice/p7/api/get_word_api.php on line 6
[08-Apr-2019 19:30:20 UTC] PHP Stack trace:
[08-Apr-2019 19:30:20 UTC] PHP   1. {main}() /home/ubuntu/workspace/practice/p7/api/get_word_api.php:0
[08-Apr-2019 19:31:03 UTC] PHP Warning:  include(dbConnection.php): failed to open stream: No such file or directory in /home/ubuntu/workspace/practice/p7/api/get_word_api.php on line 5
[08-Apr-2019 19:31:03 UTC] PHP Stack trace:
[08-Apr-2019 19:31:03 UTC] PHP   1. {main}() /home/ubuntu/workspace/practice/p7/api/get_word_api.php:0
[08-Apr-2019 19:31:03 UTC] PHP Warning:  include(): Failed opening 'dbConnection.php' for inclusion (include_path='.:/usr/share/php:/usr/share/pear') in /home/ubuntu/workspace/practice/p7/api/get_word_api.php on line 5
[08-Apr-2019 19:31:03 UTC] PHP Stack trace:
[08-Apr-2019 19:31:03 UTC] PHP   1. {main}() /home/ubuntu/workspace/practice/p7/api/get_word_api.php:0
[08-Apr-2019 19:31:03 UTC] PHP Fatal error:  Call to undefined function getDatabaseConnection() in /home/ubuntu/workspace/practice/p7/api/get_word_api.php on line 6
[08-Apr-2019 19:31:03 UTC] PHP Stack trace:
[08-Apr-2019 19:31:03 UTC] PHP   1. {main}() /home/ubuntu/workspace/practice/p7/api/get_word_api.php:0
[08-Apr-2019 19:36:30 UTC] PHP Warning:  include(dbConnection.php): failed to open stream: No such file or directory in /home/ubuntu/workspace/practice/p7/api/get_word_api.php on line 5
[08-Apr-2019 19:36:30 UTC] PHP Stack trace:
[08-Apr-2019 19:36:30 UTC] PHP   1. {main}() /home/ubuntu/workspace/practice/p7/api/get_word_api.php:0
[08-Apr-2019 19:36:30 UTC] PHP Warning:  include(): Failed opening 'dbConnection.php' for inclusion (include_path='.:/usr/share/php:/usr/share/pear') in /home/ubuntu/workspace/practice/p7/api/get_word_api.php on line 5
[08-Apr-2019 19:36:30 UTC] PHP Stack trace:
[08-Apr-2019 19:36:30 UTC] PHP   1. {main}() /home/ubuntu/workspace/practice/p7/api/get_word_api.php:0
[08-Apr-2019 19:36:30 UTC] PHP Fatal error:  Call to undefined function getDatabaseConnection() in /home/ubuntu/workspace/practice/p7/api/get_word_api.php on line 6
[08-Apr-2019 19:36:30 UTC] PHP Stack trace:
[08-Apr-2019 19:36:30 UTC] PHP   1. {main}() /home/ubuntu/workspace/practice/p7/api/get_word_api.php:0
[08-Apr-2019 19:37:24 UTC] PHP Warning:  include(dbConnection.php): failed to open stream: No such file or directory in /home/ubuntu/workspace/practice/p7/api/get_word_api.php on line 5
[08-Apr-2019 19:37:24 UTC] PHP Stack trace:
[08-Apr-2019 19:37:24 UTC] PHP   1. {main}() /home/ubuntu/workspace/practice/p7/api/get_word_api.php:0
[08-Apr-2019 19:37:24 UTC] PHP Warning:  include(): Failed opening 'dbConnection.php' for inclusion (include_path='.:/usr/share/php:/usr/share/pear') in /home/ubuntu/workspace/practice/p7/api/get_word_api.php on line 5
[08-Apr-2019 19:37:24 UTC] PHP Stack trace:
[08-Apr-2019 19:37:24 UTC] PHP   1. {main}() /home/ubuntu/workspace/practice/p7/api/get_word_api.php:0
[08-Apr-2019 19:37:24 UTC] PHP Fatal error:  Call to undefined function getDatabaseConnection() in /home/ubuntu/workspace/practice/p7/api/get_word_api.php on line 6
[08-Apr-2019 19:37:24 UTC] PHP Stack trace:
[08-Apr-2019 19:37:24 UTC] PHP   1. {main}() /home/ubuntu/workspace/practice/p7/api/get_word_api.php:0
[08-Apr-2019 19:37:31 UTC] PHP Warning:  include(dbConnection.php): failed to open stream: No such file or directory in /home/ubuntu/workspace/practice/p7/api/get_word_api.php on line 5
[08-Apr-2019 19:37:31 UTC] PHP Stack trace:
[08-Apr-2019 19:37:31 UTC] PHP   1. {main}() /home/ubuntu/workspace/practice/p7/api/get_word_api.php:0
[08-Apr-2019 19:37:31 UTC] PHP Warning:  include(): Failed opening 'dbConnection.php' for inclusion (include_path='.:/usr/share/php:/usr/share/pear') in /home/ubuntu/workspace/practice/p7/api/get_word_api.php on line 5
[08-Apr-2019 19:37:31 UTC] PHP Stack trace:
[08-Apr-2019 19:37:31 UTC] PHP   1. {main}() /home/ubuntu/workspace/practice/p7/api/get_word_api.php:0
[08-Apr-2019 19:37:31 UTC] PHP Fatal error:  Call to undefined function getDatabaseConnection() in /home/ubuntu/workspace/practice/p7/api/get_word_api.php on line 6
[08-Apr-2019 19:37:31 UTC] PHP Stack trace:
[08-Apr-2019 19:37:31 UTC] PHP   1. {main}() /home/ubuntu/workspace/practice/p7/api/get_word_api.php:0
[08-Apr-2019 19:39:43 UTC] PHP Warning:  include(dbConnection.php): failed to open stream: No such file or directory in /home/ubuntu/workspace/practice/p7/api/get_word_api.php on line 5
[08-Apr-2019 19:39:43 UTC] PHP Stack trace:
[08-Apr-2019 19:39:43 UTC] PHP   1. {main}() /home/ubuntu/workspace/practice/p7/api/get_word_api.php:0
[08-Apr-2019 19:39:43 UTC] PHP Warning:  include(): Failed opening 'dbConnection.php' for inclusion (include_path='.:/usr/share/php:/usr/share/pear') in /home/ubuntu/workspace/practice/p7/api/get_word_api.php on line 5
[08-Apr-2019 19:39:43 UTC] PHP Stack trace:
[08-Apr-2019 19:39:43 UTC] PHP   1. {main}() /home/ubuntu/workspace/practice/p7/api/get_word_api.php:0
[08-Apr-2019 19:39:43 UTC] PHP Fatal error:  Call to undefined function getDatabaseConnection() in /home/ubuntu/workspace/practice/p7/api/get_word_api.php on line 6
[08-Apr-2019 19:39:43 UTC] PHP Stack trace:
[08-Apr-2019 19:39:43 UTC] PHP   1. {main}() /home/ubuntu/workspace/practice/p7/api/get_word_api.php:0
[08-Apr-2019 19:42:52 UTC] PHP Warning:  include(dbConnection.php): failed to open stream: No such file or directory in /home/ubuntu/workspace/practice/p7/api/check_word.php on line 4
[08-Apr-2019 19:42:52 UTC] PHP Stack trace:
[08-Apr-2019 19:42:52 UTC] PHP   1. {main}() /home/ubuntu/workspace/practice/p7/api/check_word.php:0
[08-Apr-2019 19:42:52 UTC] PHP Warning:  include(): Failed opening 'dbConnection.php' for inclusion (include_path='.:/usr/share/php:/usr/share/pear') in /home/ubuntu/workspace/practice/p7/api/check_word.php on line 4
[08-Apr-2019 19:42:52 UTC] PHP Stack trace:
[08-Apr-2019 19:42:52 UTC] PHP   1. {main}() /home/ubuntu/workspace/practice/p7/api/check_word.php:0
[08-Apr-2019 20:22:26 UTC] PHP Warning:  strlen() expects parameter 1 to be string, array given in /home/ubuntu/workspace/practice/p7/api/check_word.php on line 16
[08-Apr-2019 20:22:26 UTC] PHP Stack trace:
[08-Apr-2019 20:22:26 UTC] PHP   1. {main}() /home/ubuntu/workspace/practice/p7/api/check_word.php:0
[08-Apr-2019 20:22:26 UTC] PHP   2. strlen() /home/ubuntu/workspace/practice/p7/api/check_word.php:16
[08-Apr-2019 20:23:49 UTC] PHP Warning:  strlen() expects parameter 1 to be string, array given in /home/ubuntu/workspace/practice/p7/api/check_word.php on line 18
[08-Apr-2019 20:23:49 UTC] PHP Stack trace:
[08-Apr-2019 20:23:49 UTC] PHP   1. {main}() /home/ubuntu/workspace/practice/p7/api/check_word.php:0
[08-Apr-2019 20:23:49 UTC] PHP   2. strlen() /home/ubuntu/workspace/practice/p7/api/check_word.php:18
